n: int
malloc: void *(int)
null: void *
root: void **
data: void *
insert: void *(void **, void *)
[CHECKER][RelExp] left: void * right: void
[CHECKER][RelExp] p_left: void * p_right: void
[CHECKER][RelExp] left: void * right: void
[CHECKER][RelExp] p_left: void * p_right: void
root: void **
data: void *
search: int(void **, void *)
[CHECKER][RelExp] left: void * right: void
[CHECKER][RelExp] p_left: void * p_right: void
[CHECKER][RelExp] left: void * right: void
[CHECKER][RelExp] p_left: void * p_right: void
root: void **
preorder: void(void **)
p: int *
printf: int()
root: void **
inorder: void(void **)
p: int *
main: int(void)
root: void **
a: int[10]
i: int
[CHECKER][RelExp] left: int right: int
[CHECKER][RelExp] p_left: int p_right: int
