[GRAB_KEYWORD] Entered keyword switch.
[GRAB_KEYWORD][INFO] 'a' detected
[GRAB_KEYWORD][SWITCH] Returned 4
[INFO] operator: auto
[GRAB_WHITESPACE][START] Entered whitespace parse sub-loop; [STOP] Exited whitespace parse sub-loop; Returned 1
[GRAB_KEYWORD] Entered keyword switch.
[INFO] whitespace: 1 spaces
[GRAB_KEYWORD] Entered keyword switch.
[INFO] illegal: h
[GRAB_KEYWORD] Entered keyword switch.
[INFO] illegal: e
[GRAB_KEYWORD] Entered keyword switch.
[INFO] illegal: l
[GRAB_KEYWORD] Entered keyword switch.
[INFO] illegal: l
[GRAB_KEYWORD] Entered keyword switch.
[INFO] illegal: o
[GRAB_WHITESPACE][START] Entered whitespace parse sub-loop; [STOP] Exited whitespace parse sub-loop; Returned 1
[GRAB_KEYWORD] Entered keyword switch.
[INFO] whitespace: 1 spaces
[GRAB_NUMBER][START] Starting numbers parse sub-loop; [STOP] Exited numbers parse sub-loop; Returned 3
[GRAB_KEYWORD] Entered keyword switch.
[INFO] number: 123
[GRAB_WHITESPACE][START] Entered whitespace parse sub-loop; [STOP] Exited whitespace parse sub-loop; Returned 1
[GRAB_KEYWORD] Entered keyword switch.
[INFO] whitespace: 1 spaces
[GRAB_KEYWORD] Entered keyword switch.
[GRAB_KEYWORD][SWITCH] Returned 4
[INFO] operator: case
[GRAB_KEYWORD] Entered keyword switch.
[GRAB_KEYWORD][SWITCH] Returned 5
[INFO] operator: while
[GRAB_WHITESPACE][START] Entered whitespace parse sub-loop; [STOP] Exited whitespace parse sub-loop; Returned 1
[GRAB_KEYWORD] Entered keyword switch.
[INFO] whitespace: 1 spaces
[GRAB_OPERATOR][SWITCH] Returned 2
[GRAB_KEYWORD] Entered keyword switch.
[INFO] operator: ++
[GRAB_WHITESPACE][START] Entered whitespace parse sub-loop; [STOP] Exited whitespace parse sub-loop; Returned 1
[GRAB_KEYWORD] Entered keyword switch.
[INFO] whitespace: 1 spaces
[GRAB_OPERATOR][SWITCH] Returned 1
[GRAB_KEYWORD] Entered keyword switch.
[INFO] operator: +
[GRAB_WHITESPACE][START] Entered whitespace parse sub-loop; [STOP] Exited whitespace parse sub-loop; Returned 1
[GRAB_KEYWORD] Entered keyword switch.
[INFO] whitespace: 1 spaces
[GRAB_KEYWORD] Entered keyword switch.
[INFO] illegal: c
[GRAB_KEYWORD] Entered keyword switch.
[GRAB_KEYWORD][INFO] 'a' detected
[INFO] illegal: a
[GRAB_KEYWORD] Entered keyword switch.
[INFO] illegal: e
[GRAB_KEYWORD] Entered keyword switch.
[INFO] illegal: s
[GRAB_WHITESPACE][START] Entered whitespace parse sub-loop; [STOP] Exited whitespace parse sub-loop; Returned 1
[GRAB_KEYWORD] Entered keyword switch.
[INFO] whitespace: 1 spaces
[GRAB_KEYWORD] Entered keyword switch.
[INFO] illegal: ÿ
