keyword: int
identifier: main
operator: (
keyword: void
operator: )
operator: {
keyword: int
identifier: i
operator: ,
identifier: n
operator: ,
identifier: sum
operator: ;
identifier: i
operator: =
number: 0
operator: ;
identifier: sum
operator: =
number: 0
operator: ;
identifier: n
operator: =
number: 10
operator: ;
keyword: while
operator: (
identifier: i
operator: <=
identifier: n
operator: )
operator: {
identifier: sum
operator: =
identifier: sum
operator: +
identifier: i
operator: ;
identifier: i
operator: =
identifier: i
operator: +
number: 1
operator: ;
operator: }
identifier: printf
operator: (
operator: %
identifier: d
operator: %
identifier: d
identifier: n
operator: ,
identifier: sum
operator: ,
identifier: n
operator: *
operator: (
identifier: n
operator: +
number: 1
operator: )
operator: /
number: 2
operator: )
operator: ;
operator: }
